2021-01-23 05:17:22.820  INFO 17628 --- [main] lavalink.server.Launcher                 : 

[32m       .  [31m _                  _ _       _    [32m__ _ _
[32m      /\\ [31m| | __ ___   ____ _| (_)_ __ | | __[32m\ \ \ \
[32m     ( ( )[31m| |/ _` \ \ / / _` | | | '_ \| |/ /[32m \ \ \ \
[32m      \\/ [31m| | (_| |\ V / (_| | | | | | |   < [32m  ) ) ) )
[32m       '  [31m|_|\__,_| \_/ \__,_|_|_|_| |_|_|\_\[32m / / / /
[0m    =========================================[32m/_/_/_/[0m

	Version:        456f6bda48ba0c573127cf74c3ed937d665befba-SNAPSHOT
	Build:          1145
	Build time:     14.11.2020 11:50:51 UTC
	Branch          master
	Commit:         456f6bd
	Commit time:    14.11.2020 11:48:24 UTC
	JVM:            13.0.2
	Lavaplayer      1.3.53

2021-01-23 05:17:22.887  WARN 17628 --- [background-preinit] o.s.h.c.j.Jackson2ObjectMapperBuilder    : For Jackson Kotlin classes support please add "com.fasterxml.jackson.module:jackson-module-kotlin" to the classpath
2021-01-23 05:17:22.889  INFO 17628 --- [main] lavalink.server.Launcher                 : Starting Launcher on Thalitech-Desk with PID 17628 (C:\Users\Senpai\Documents\GitPor\ ThiccGamesBot\Nami\bin\Debug\net5.0\Resources\Lavalink\Lavalink.jar started by Senpai in C:\Users\Senpai\Documents\GitPor\ ThiccGamesBot\Nami\bin\Debug\net5.0\Resources\Lavalink)
2021-01-23 05:17:22.889  INFO 17628 --- [main] lavalink.server.Launcher                 : No active profile set, falling back to default profiles: default
2021-01-23 05:17:24.097  WARN 17628 --- [main] io.undertow.websockets.jsr               : UT026010: Buffer pool was not set on WebSocketDeploymentInfo, the default pool will be used
2021-01-23 05:17:24.118  INFO 17628 --- [main] io.undertow.servlet                      : Initializing Spring embedded WebApplicationContext
2021-01-23 05:17:24.118  INFO 17628 --- [main] o.s.web.context.ContextLoader            : Root WebApplicationContext: initialization completed in 1193 ms
2021-01-23 05:17:24.389  WARN 17628 --- [main] l.server.config.SentryConfiguration      : Turning off sentry
2021-01-23 05:17:24.911  INFO 17628 --- [main] c.s.d.l.tools.GarbageCollectionMonitor   : GC monitoring enabled, reporting results every 2 minutes.
2021-01-23 05:17:25.291  INFO 17628 --- [main] lavalink.server.config.KoeConfiguration  : OS: Windows 10, Arch: amd64
2021-01-23 05:17:25.291  WARN 17628 --- [main] lavalink.server.config.KoeConfiguration  : This system and architecture appears to not support native audio sending! GC pauses may cause your bot to stutter during playback.
2021-01-23 05:17:25.473  INFO 17628 --- [main] o.s.s.concurrent.ThreadPoolTaskExecutor  : Initializing ExecutorService 'applicationTaskExecutor'
2021-01-23 05:17:25.742  INFO 17628 --- [main] org.xnio                                 : XNIO version 3.3.8.Final
2021-01-23 05:17:25.753  INFO 17628 --- [main] org.xnio.nio                             : XNIO NIO Implementation Version 3.3.8.Final
2021-01-23 05:17:25.804  INFO 17628 --- [main] o.s.b.w.e.u.UndertowServletWebServer     : Undertow started on port(s) 2336 (http) with context path ''
2021-01-23 05:17:25.810  INFO 17628 --- [main] lavalink.server.Launcher                 : Started Launcher in 3.587 seconds (JVM running for 4.79)
2021-01-23 05:17:25.813  INFO 17628 --- [main] lavalink.server.Launcher                 : You can safely ignore the big red warning about illegal reflection. See https://github.com/Frederikam/Lavalink/issues/295
2021-01-23 05:19:03.975  INFO 17628 --- [XNIO-1 task-1] io.undertow.servlet                      : Initializing Spring DispatcherServlet 'dispatcherServlet'
2021-01-23 05:19:03.975  INFO 17628 --- [XNIO-1 task-1] o.s.web.servlet.DispatcherServlet        : Initializing Servlet 'dispatcherServlet'
2021-01-23 05:19:03.980  INFO 17628 --- [XNIO-1 task-1] o.s.web.servlet.DispatcherServlet        : Completed initialization in 4 ms
2021-01-23 05:19:04.024  INFO 17628 --- [XNIO-1 task-1] l.server.io.HandshakeInterceptorImpl     : Incoming connection from /127.0.0.1:53499
2021-01-23 05:19:04.084  INFO 17628 --- [XNIO-1 task-1] lavalink.server.io.SocketServer          : Connection successfully established from /127.0.0.1:53499
2021-01-23 05:21:22.440  INFO 17628 --- [XNIO-1 I/O-12] lavalink.server.io.SocketServer          : {"sessionId":"9b1f7173f3211011bd37c0ce8f7899f3","event":{"token":"86f9e525a13f8a48","guild_id":"758592329807429633","endpoint":"us-central4170.discord.media:443"},"op":"voiceUpdate","guildId":"758592329807429633"}
2021-01-23 05:21:22.613  INFO 17628 --- [XNIO-1 task-2] l.server.player.AudioLoaderRestHandler   : Got request to load for identifier "ytsearch:lil baby"
2021-01-23 05:21:23.672  INFO 17628 --- [lava-daemon-pool-info-loader-2-thread-1] lavalink.server.player.AudioLoader       : Loaded playlist Search results for: lil baby
2021-01-23 05:22:31.269  INFO 17628 --- [XNIO-1 I/O-12] lavalink.server.io.SocketServer          : Connection closed from /127.0.0.1:53499 -- CloseStatus[code=1006, reason=]
2021-01-23 05:22:31.270  INFO 17628 --- [XNIO-1 I/O-12] lavalink.server.io.SocketContext         : Shutting down 0 playing players.
2021-01-23 11:49:47.587  INFO 17628 --- [XNIO-1 task-4] l.server.io.HandshakeInterceptorImpl     : Incoming connection from /127.0.0.1:54706
2021-01-23 11:49:47.591  INFO 17628 --- [XNIO-1 task-4] lavalink.server.io.SocketServer          : Connection successfully established from /127.0.0.1:54706
